<?xml version="1.0" encoding="UTF-8"?>
<!-- Generated by org.testng.reporters.JUnitReportReporter -->
<testsuite hostname="AGALYA" failures="0" tests="2" name="ShanmugaarsuTest.StandaloneUpdated2" time="37.639" errors="0" timestamp="2025-12-07T16:16:37 IST" skipped="0">
  <testcase classname="ShanmugaarsuTest.StandaloneUpdated2" name="submitOrder" time="27.969"/>
  <testcase classname="ShanmugaarsuTest.StandaloneUpdated2" name="Orderhistory" time="9.670"/>
</testsuite> <!-- ShanmugaarsuTest.StandaloneUpdated2 -->
